[debug] [2019-11-13T12:57:14.517Z] ----------------------------------------------------------------------
[debug] [2019-11-13T12:57:14.521Z] Command:       /usr/bin/node /usr/local/bin/firebase init
[debug] [2019-11-13T12:57:14.521Z] CLI Version:   7.7.0
[debug] [2019-11-13T12:57:14.521Z] Platform:      linux
[debug] [2019-11-13T12:57:14.521Z] Node Version:  v8.10.0
[debug] [2019-11-13T12:57:14.521Z] Time:          Wed Nov 13 2019 15:57:14 GMT+0300 (EAT)
[debug] [2019-11-13T12:57:14.521Z] ----------------------------------------------------------------------
[debug] [2019-11-13T12:57:14.521Z] 
[debug] [2019-11-13T12:57:14.529Z] > command requires scopes: ["email","openid","https://www.googleapis.com/auth/cloudplatformprojects.readonly","https://www.googleapis.com/auth/firebase","https://www.googleapis.com/auth/cloud-platform"]
[debug] [2019-11-13T12:57:14.529Z] > authorizing via signed-in user
[info] 
     ######## #### ########  ######## ########     ###     ######  ########
     ##        ##  ##     ## ##       ##     ##  ##   ##  ##       ##
     ######    ##  ########  ######   ########  #########  ######  ######
     ##        ##  ##    ##  ##       ##     ## ##     ##       ## ##
     ##       #### ##     ## ######## ########  ##     ##  ######  ########

You're about to initialize a Firebase project in this directory:

  /home/stephen/Documents/moringa-school-projects/weekly ips/WeekFiveGroupProject

Before we get started, keep in mind:

  * You are initializing in an existing Firebase project directory

[info] 
=== Project Setup
[info] 
[info] First, let's associate this project directory with a Firebase project.
[info] You can create multiple project aliases by running firebase use --add, 
[info] but for now we'll just set up a default project.
[info] 
[info] i  .firebaserc already has a default project, using captionthis-ca3a3.
[debug] [2019-11-13T12:57:46.734Z] >>> HTTP REQUEST GET https://firebase.googleapis.com/v1beta1/projects/captionthis-ca3a3  
 
[debug] [2019-11-13T12:57:47.246Z] <<< HTTP RESPONSE 200
[info] 
=== Database Setup
[info] 
[info] Firebase Realtime Database Rules allow you to define how your data should be
[info] structured and when your data can be read from and written to.
[info] 
[debug] [2019-11-13T12:58:00.544Z] Error: EISDIR: illegal operation on a directory, open '/home/stephen/Documents/moringa-school-projects/weekly ips/WeekFiveGroupProject'
    at Object.fs.openSync (fs.js:646:18)
    at Object.fs.writeFileSync (fs.js:1299:33)
    at Config.writeProjectFile (/usr/local/lib/node_modules/firebase-tools/lib/config.js:179:8)
    at /usr/local/lib/node_modules/firebase-tools/lib/init/features/database.js:25:23
    at <anonymous>
    at process._tickDomainCallback (internal/process/next_tick.js:228:7)
[error] 
[error] Error: An unexpected error has occurred.
